<?xml version="1.0" encoding="UTF-8"?>
<testng-results ignored="6" total="14" passed="7" failed="1" skipped="0">
  <reporter-output>
  </reporter-output>
  <suite started-at="2022-10-15T19:35:30 IST" name="Suite" finished-at="2022-10-15T19:40:54 IST" duration-ms="324189">
    <groups>
    </groups>
    <test started-at="2022-10-15T19:35:30 IST" name="Test" finished-at="2022-10-15T19:40:54 IST" duration-ms="324189">
      <class name="com.zohoCRM.testscripts.LeadsModule">
        <test-method is-config="true" signature="signIn()[pri:0, instance:com.zohoCRM.testscripts.LeadsModule@49ff7d8c]" started-at="2022-10-15T19:37:31 IST" name="signIn" finished-at="2022-10-15T19:37:45 IST" duration-ms="13821" status="PASS">
          <reporter-output>
          </reporter-output>
        </test-method> <!-- signIn -->
        <test-method signature="deleteLead()[pri:0, instance:com.zohoCRM.testscripts.LeadsModule@49ff7d8c]" started-at="2022-10-15T19:37:45 IST" name="deleteLead" finished-at="2022-10-15T19:37:45 IST" duration-ms="1" status="PASS">
          <reporter-output>
          </reporter-output>
        </test-method> <!-- deleteLead -->
        <test-method is-config="true" signature="logOut()[pri:0, instance:com.zohoCRM.testscripts.LeadsModule@49ff7d8c]" started-at="2022-10-15T19:37:45 IST" name="logOut" finished-at="2022-10-15T19:37:48 IST" duration-ms="3132" status="PASS">
          <reporter-output>
          </reporter-output>
        </test-method> <!-- logOut -->
        <test-method is-config="true" signature="signIn()[pri:0, instance:com.zohoCRM.testscripts.LeadsModule@49ff7d8c]" started-at="2022-10-15T19:37:48 IST" name="signIn" finished-at="2022-10-15T19:38:42 IST" duration-ms="53826" status="PASS">
          <reporter-output>
          </reporter-output>
        </test-method> <!-- signIn -->
        <test-method signature="creteNewLead()[pri:3, instance:com.zohoCRM.testscripts.LeadsModule@49ff7d8c]" started-at="2022-10-15T19:38:42 IST" name="creteNewLead" finished-at="2022-10-15T19:39:24 IST" duration-ms="41497" status="FAIL">
          <exception class="java.lang.AssertionError">
            <message>
              <![CDATA[expected [pvt Ltd] but found [  pvt Ltd]]]>
            </message>
            <full-stacktrace>
              <![CDATA[java.lang.AssertionError: expected [pvt Ltd] but found [  pvt Ltd]
at org.testng.Assert.fail(Assert.java:110)
at org.testng.Assert.failNotEquals(Assert.java:1413)
at org.testng.Assert.assertEqualsImpl(Assert.java:149)
at org.testng.Assert.assertEquals(Assert.java:131)
at org.testng.Assert.assertEquals(Assert.java:655)
at org.testng.Assert.assertEquals(Assert.java:665)
at com.zohoCRM.testscripts.LeadsModule.creteNewLead(LeadsModule.java:37)
at java.base/jdk.internal.reflect.DirectMethodHandleAccessor.invoke(DirectMethodHandleAccessor.java:104)
at java.base/java.lang.reflect.Method.invoke(Method.java:577)
at org.testng.internal.invokers.MethodInvocationHelper.invokeMethod(MethodInvocationHelper.java:135)
at org.testng.internal.invokers.TestInvoker.invokeMethod(TestInvoker.java:673)
at org.testng.internal.invokers.TestInvoker.invokeTestMethod(TestInvoker.java:220)
at org.testng.internal.invokers.MethodRunner.runInSequence(MethodRunner.java:50)
at org.testng.internal.invokers.TestInvoker$MethodInvocationAgent.invoke(TestInvoker.java:945)
at org.testng.internal.invokers.TestInvoker.invokeTestMethods(TestInvoker.java:193)
at org.testng.internal.invokers.TestMethodWorker.invokeTestMethods(TestMethodWorker.java:146)
at org.testng.internal.invokers.TestMethodWorker.run(TestMethodWorker.java:128)
at java.base/java.util.ArrayList.forEach(ArrayList.java:1511)
at org.testng.TestRunner.privateRun(TestRunner.java:808)
at org.testng.TestRunner.run(TestRunner.java:603)
at org.testng.SuiteRunner.runTest(SuiteRunner.java:429)
at org.testng.SuiteRunner.runSequentially(SuiteRunner.java:423)
at org.testng.SuiteRunner.privateRun(SuiteRunner.java:383)
at org.testng.SuiteRunner.run(SuiteRunner.java:326)
at org.testng.SuiteRunnerWorker.runSuite(SuiteRunnerWorker.java:52)
at org.testng.SuiteRunnerWorker.run(SuiteRunnerWorker.java:95)
at org.testng.TestNG.runSuitesSequentially(TestNG.java:1249)
at org.testng.TestNG.runSuitesLocally(TestNG.java:1169)
at org.testng.TestNG.runSuites(TestNG.java:1092)
at org.testng.TestNG.run(TestNG.java:1060)
at org.testng.remote.AbstractRemoteTestNG.run(AbstractRemoteTestNG.java:115)
at org.testng.remote.RemoteTestNG.initAndRun(RemoteTestNG.java:251)
at org.testng.remote.RemoteTestNG.main(RemoteTestNG.java:77)
]]>
            </full-stacktrace>
          </exception> <!-- java.lang.AssertionError -->
          <reporter-output>
          </reporter-output>
        </test-method> <!-- creteNewLead -->
        <test-method is-config="true" signature="logOut()[pri:0, instance:com.zohoCRM.testscripts.LeadsModule@49ff7d8c]" started-at="2022-10-15T19:39:25 IST" name="logOut" finished-at="2022-10-15T19:39:27 IST" duration-ms="1444" status="PASS">
          <reporter-output>
          </reporter-output>
        </test-method> <!-- logOut -->
        <test-method is-config="true" signature="signIn()[pri:0, instance:com.zohoCRM.testscripts.LeadsModule@49ff7d8c]" started-at="2022-10-15T19:39:27 IST" name="signIn" finished-at="2022-10-15T19:39:37 IST" duration-ms="10151" status="PASS">
          <reporter-output>
          </reporter-output>
        </test-method> <!-- signIn -->
        <test-method signature="modifyLead()[pri:4, instance:com.zohoCRM.testscripts.LeadsModule@49ff7d8c]" started-at="2022-10-15T19:39:37 IST" name="modifyLead" finished-at="2022-10-15T19:39:37 IST" duration-ms="2" status="PASS">
          <reporter-output>
          </reporter-output>
        </test-method> <!-- modifyLead -->
        <test-method is-config="true" signature="logOut()[pri:0, instance:com.zohoCRM.testscripts.LeadsModule@49ff7d8c]" started-at="2022-10-15T19:39:37 IST" name="logOut" finished-at="2022-10-15T19:39:37 IST" duration-ms="612" status="PASS">
          <reporter-output>
          </reporter-output>
        </test-method> <!-- logOut -->
      </class> <!-- com.zohoCRM.testscripts.LeadsModule -->
      <class name="com.zohoCRM.testscripts.PotentialLead">
        <test-method is-config="true" signature="openBrowser()[pri:0, instance:com.zohoCRM.testscripts.PotentialLead@34c01041]" started-at="2022-10-15T19:35:30 IST" name="openBrowser" finished-at="2022-10-15T19:36:34 IST" duration-ms="63562" status="PASS">
          <reporter-output>
          </reporter-output>
        </test-method> <!-- openBrowser -->
        <test-method is-config="true" signature="signIn()[pri:0, instance:com.zohoCRM.testscripts.PotentialLead@34c01041]" started-at="2022-10-15T19:36:34 IST" name="signIn" finished-at="2022-10-15T19:37:28 IST" duration-ms="54307" status="PASS">
          <reporter-output>
          </reporter-output>
        </test-method> <!-- signIn -->
        <test-method signature="createPotentialLead()[pri:0, instance:com.zohoCRM.testscripts.PotentialLead@34c01041]" started-at="2022-10-15T19:37:28 IST" name="createPotentialLead" finished-at="2022-10-15T19:37:28 IST" duration-ms="38" status="PASS">
          <reporter-output>
          </reporter-output>
        </test-method> <!-- createPotentialLead -->
        <test-method is-config="true" signature="logOut()[pri:0, instance:com.zohoCRM.testscripts.PotentialLead@34c01041]" started-at="2022-10-15T19:37:28 IST" name="logOut" finished-at="2022-10-15T19:37:31 IST" duration-ms="3342" status="PASS">
          <reporter-output>
          </reporter-output>
        </test-method> <!-- logOut -->
        <test-method is-config="true" signature="closeBrowser()[pri:0, instance:com.zohoCRM.testscripts.PotentialLead@34c01041]" started-at="2022-10-15T19:40:47 IST" name="closeBrowser" finished-at="2022-10-15T19:40:54 IST" duration-ms="7548" status="PASS">
          <reporter-output>
          </reporter-output>
        </test-method> <!-- closeBrowser -->
      </class> <!-- com.zohoCRM.testscripts.PotentialLead -->
      <class name="com.zohoCRM.testscripts.ProductModule">
        <test-method is-config="true" signature="signIn()[pri:0, instance:com.zohoCRM.testscripts.ProductModule@29526c05]" started-at="2022-10-15T19:39:37 IST" name="signIn" finished-at="2022-10-15T19:39:49 IST" duration-ms="12138" status="PASS">
          <reporter-output>
          </reporter-output>
        </test-method> <!-- signIn -->
        <test-method signature="createProduct()[pri:0, instance:com.zohoCRM.testscripts.ProductModule@29526c05]" started-at="2022-10-15T19:39:49 IST" name="createProduct" finished-at="2022-10-15T19:39:49 IST" duration-ms="2" status="PASS">
          <reporter-output>
          </reporter-output>
        </test-method> <!-- createProduct -->
        <test-method is-config="true" signature="logOut()[pri:0, instance:com.zohoCRM.testscripts.ProductModule@29526c05]" started-at="2022-10-15T19:39:49 IST" name="logOut" finished-at="2022-10-15T19:39:51 IST" duration-ms="1448" status="PASS">
          <reporter-output>
          </reporter-output>
        </test-method> <!-- logOut -->
        <test-method is-config="true" signature="signIn()[pri:0, instance:com.zohoCRM.testscripts.ProductModule@29526c05]" started-at="2022-10-15T19:39:51 IST" name="signIn" finished-at="2022-10-15T19:40:08 IST" duration-ms="17411" status="PASS">
          <reporter-output>
          </reporter-output>
        </test-method> <!-- signIn -->
        <test-method signature="editProduct()[pri:0, instance:com.zohoCRM.testscripts.ProductModule@29526c05]" started-at="2022-10-15T19:40:08 IST" name="editProduct" finished-at="2022-10-15T19:40:08 IST" duration-ms="5" status="PASS">
          <reporter-output>
          </reporter-output>
        </test-method> <!-- editProduct -->
        <test-method is-config="true" signature="logOut()[pri:0, instance:com.zohoCRM.testscripts.ProductModule@29526c05]" started-at="2022-10-15T19:40:08 IST" name="logOut" finished-at="2022-10-15T19:40:09 IST" duration-ms="867" status="PASS">
          <reporter-output>
          </reporter-output>
        </test-method> <!-- logOut -->
      </class> <!-- com.zohoCRM.testscripts.ProductModule -->
      <class name="com.zohoCRM.testscripts.CampaignModule">
        <test-method is-config="true" signature="signIn()[pri:0, instance:com.zohoCRM.testscripts.CampaignModule@2ef14fe]" started-at="2022-10-15T19:40:09 IST" name="signIn" finished-at="2022-10-15T19:40:13 IST" duration-ms="3891" status="PASS">
          <reporter-output>
          </reporter-output>
        </test-method> <!-- signIn -->
        <test-method signature="createCampaign()[pri:1, instance:com.zohoCRM.testscripts.CampaignModule@2ef14fe]" started-at="2022-10-15T19:40:13 IST" name="createCampaign" finished-at="2022-10-15T19:40:32 IST" duration-ms="19304" status="PASS">
          <reporter-output>
          </reporter-output>
        </test-method> <!-- createCampaign -->
        <test-method is-config="true" signature="logOut()[pri:0, instance:com.zohoCRM.testscripts.CampaignModule@2ef14fe]" started-at="2022-10-15T19:40:32 IST" name="logOut" finished-at="2022-10-15T19:40:35 IST" duration-ms="2953" status="PASS">
          <reporter-output>
          </reporter-output>
        </test-method> <!-- logOut -->
        <test-method is-config="true" signature="signIn()[pri:0, instance:com.zohoCRM.testscripts.CampaignModule@2ef14fe]" started-at="2022-10-15T19:40:35 IST" name="signIn" finished-at="2022-10-15T19:40:45 IST" duration-ms="9985" status="PASS">
          <reporter-output>
          </reporter-output>
        </test-method> <!-- signIn -->
        <test-method signature="ModifyCampaign()[pri:2, instance:com.zohoCRM.testscripts.CampaignModule@2ef14fe]" started-at="2022-10-15T19:40:45 IST" name="ModifyCampaign" finished-at="2022-10-15T19:40:45 IST" duration-ms="1" status="PASS">
          <reporter-output>
          </reporter-output>
        </test-method> <!-- ModifyCampaign -->
        <test-method is-config="true" signature="logOut()[pri:0, instance:com.zohoCRM.testscripts.CampaignModule@2ef14fe]" started-at="2022-10-15T19:40:45 IST" name="logOut" finished-at="2022-10-15T19:40:47 IST" duration-ms="1264" status="PASS">
          <reporter-output>
          </reporter-output>
        </test-method> <!-- logOut -->
      </class> <!-- com.zohoCRM.testscripts.CampaignModule -->
    </test> <!-- Test -->
  </suite> <!-- Suite -->
</testng-results>
