<?xml version="1.0" encoding="UTF-8"?>
<testng-results ignored="6" total="14" passed="7" failed="1" skipped="0">
  <reporter-output>
  </reporter-output>
  <suite started-at="2022-10-15T21:04:11 IST" name="Suite" finished-at="2022-10-15T21:06:52 IST" duration-ms="161021">
    <groups>
    </groups>
    <test started-at="2022-10-15T21:04:11 IST" name="Test" finished-at="2022-10-15T21:06:52 IST" duration-ms="161021">
      <class name="com.zohoCRM.testscripts.LeadsModule">
        <test-method is-config="true" signature="signIn()[pri:0, instance:com.zohoCRM.testscripts.LeadsModule@47605f2f]" started-at="2022-10-15T21:05:49 IST" name="signIn" finished-at="2022-10-15T21:05:50 IST" duration-ms="1703" status="PASS">
          <reporter-output>
          </reporter-output>
        </test-method> <!-- signIn -->
        <test-method signature="deleteLead()[pri:0, instance:com.zohoCRM.testscripts.LeadsModule@47605f2f]" started-at="2022-10-15T21:05:50 IST" name="deleteLead" finished-at="2022-10-15T21:05:50 IST" duration-ms="0" status="PASS">
          <reporter-output>
          </reporter-output>
        </test-method> <!-- deleteLead -->
        <test-method is-config="true" signature="logOut()[pri:0, instance:com.zohoCRM.testscripts.LeadsModule@47605f2f]" started-at="2022-10-15T21:05:50 IST" name="logOut" finished-at="2022-10-15T21:05:52 IST" duration-ms="1511" status="PASS">
          <reporter-output>
          </reporter-output>
        </test-method> <!-- logOut -->
        <test-method is-config="true" signature="signIn()[pri:0, instance:com.zohoCRM.testscripts.LeadsModule@47605f2f]" started-at="2022-10-15T21:05:52 IST" name="signIn" finished-at="2022-10-15T21:05:54 IST" duration-ms="1799" status="PASS">
          <reporter-output>
          </reporter-output>
        </test-method> <!-- signIn -->
        <test-method signature="creteNewLead()[pri:3, instance:com.zohoCRM.testscripts.LeadsModule@47605f2f]" started-at="2022-10-15T21:05:54 IST" name="creteNewLead" finished-at="2022-10-15T21:06:39 IST" duration-ms="45004" status="FAIL">
          <exception class="java.lang.AssertionError">
            <message>
              <![CDATA[expected [pvt Ltd] but found [  pvt Ltd]]]>
            </message>
            <full-stacktrace>
              <![CDATA[java.lang.AssertionError: expected [pvt Ltd] but found [  pvt Ltd]
at org.testng.Assert.fail(Assert.java:110)
at org.testng.Assert.failNotEquals(Assert.java:1413)
at org.testng.Assert.assertEqualsImpl(Assert.java:149)
at org.testng.Assert.assertEquals(Assert.java:131)
at org.testng.Assert.assertEquals(Assert.java:655)
at org.testng.Assert.assertEquals(Assert.java:665)
at com.zohoCRM.testscripts.LeadsModule.creteNewLead(LeadsModule.java:37)
at java.base/jdk.internal.reflect.DirectMethodHandleAccessor.invoke(DirectMethodHandleAccessor.java:104)
at java.base/java.lang.reflect.Method.invoke(Method.java:577)
at org.testng.internal.invokers.MethodInvocationHelper.invokeMethod(MethodInvocationHelper.java:135)
at org.testng.internal.invokers.TestInvoker.invokeMethod(TestInvoker.java:673)
at org.testng.internal.invokers.TestInvoker.invokeTestMethod(TestInvoker.java:220)
at org.testng.internal.invokers.MethodRunner.runInSequence(MethodRunner.java:50)
at org.testng.internal.invokers.TestInvoker$MethodInvocationAgent.invoke(TestInvoker.java:945)
at org.testng.internal.invokers.TestInvoker.invokeTestMethods(TestInvoker.java:193)
at org.testng.internal.invokers.TestMethodWorker.invokeTestMethods(TestMethodWorker.java:146)
at org.testng.internal.invokers.TestMethodWorker.run(TestMethodWorker.java:128)
at java.base/java.util.ArrayList.forEach(ArrayList.java:1511)
at org.testng.TestRunner.privateRun(TestRunner.java:808)
at org.testng.TestRunner.run(TestRunner.java:603)
at org.testng.SuiteRunner.runTest(SuiteRunner.java:429)
at org.testng.SuiteRunner.runSequentially(SuiteRunner.java:423)
at org.testng.SuiteRunner.privateRun(SuiteRunner.java:383)
at org.testng.SuiteRunner.run(SuiteRunner.java:326)
at org.testng.SuiteRunnerWorker.runSuite(SuiteRunnerWorker.java:52)
at org.testng.SuiteRunnerWorker.run(SuiteRunnerWorker.java:95)
at org.testng.TestNG.runSuitesSequentially(TestNG.java:1249)
at org.testng.TestNG.runSuitesLocally(TestNG.java:1169)
at org.testng.TestNG.runSuites(TestNG.java:1092)
at org.testng.TestNG.run(TestNG.java:1060)
at org.apache.maven.surefire.testng.TestNGExecutor.run(TestNGExecutor.java:324)
at org.apache.maven.surefire.testng.TestNGXmlTestSuite.execute(TestNGXmlTestSuite.java:74)
at org.apache.maven.surefire.testng.TestNGProvider.invoke(TestNGProvider.java:123)
at org.apache.maven.surefire.booter.ForkedBooter.runSuitesInProcess(ForkedBooter.java:456)
at org.apache.maven.surefire.booter.ForkedBooter.execute(ForkedBooter.java:169)
at org.apache.maven.surefire.booter.ForkedBooter.run(ForkedBooter.java:595)
at org.apache.maven.surefire.booter.ForkedBooter.main(ForkedBooter.java:581)
]]>
            </full-stacktrace>
          </exception> <!-- java.lang.AssertionError -->
          <reporter-output>
          </reporter-output>
        </test-method> <!-- creteNewLead -->
        <test-method is-config="true" signature="logOut()[pri:0, instance:com.zohoCRM.testscripts.LeadsModule@47605f2f]" started-at="2022-10-15T21:06:40 IST" name="logOut" finished-at="2022-10-15T21:06:40 IST" duration-ms="302" status="PASS">
          <reporter-output>
          </reporter-output>
        </test-method> <!-- logOut -->
        <test-method is-config="true" signature="signIn()[pri:0, instance:com.zohoCRM.testscripts.LeadsModule@47605f2f]" started-at="2022-10-15T21:06:40 IST" name="signIn" finished-at="2022-10-15T21:06:41 IST" duration-ms="1010" status="PASS">
          <reporter-output>
          </reporter-output>
        </test-method> <!-- signIn -->
        <test-method signature="modifyLead()[pri:4, instance:com.zohoCRM.testscripts.LeadsModule@47605f2f]" started-at="2022-10-15T21:06:41 IST" name="modifyLead" finished-at="2022-10-15T21:06:41 IST" duration-ms="1" status="PASS">
          <reporter-output>
          </reporter-output>
        </test-method> <!-- modifyLead -->
        <test-method is-config="true" signature="logOut()[pri:0, instance:com.zohoCRM.testscripts.LeadsModule@47605f2f]" started-at="2022-10-15T21:06:41 IST" name="logOut" finished-at="2022-10-15T21:06:41 IST" duration-ms="248" status="PASS">
          <reporter-output>
          </reporter-output>
        </test-method> <!-- logOut -->
      </class> <!-- com.zohoCRM.testscripts.LeadsModule -->
      <class name="com.zohoCRM.testscripts.PotentialLead">
        <test-method is-config="true" signature="openBrowser()[pri:0, instance:com.zohoCRM.testscripts.PotentialLead@1d8062d2]" started-at="2022-10-15T21:04:11 IST" name="openBrowser" finished-at="2022-10-15T21:05:03 IST" duration-ms="52108" status="PASS">
          <reporter-output>
          </reporter-output>
        </test-method> <!-- openBrowser -->
        <test-method is-config="true" signature="signIn()[pri:0, instance:com.zohoCRM.testscripts.PotentialLead@1d8062d2]" started-at="2022-10-15T21:05:04 IST" name="signIn" finished-at="2022-10-15T21:05:43 IST" duration-ms="39263" status="PASS">
          <reporter-output>
          </reporter-output>
        </test-method> <!-- signIn -->
        <test-method signature="createPotentialLead()[pri:0, instance:com.zohoCRM.testscripts.PotentialLead@1d8062d2]" started-at="2022-10-15T21:05:43 IST" name="createPotentialLead" finished-at="2022-10-15T21:05:43 IST" duration-ms="2" status="PASS">
          <reporter-output>
          </reporter-output>
        </test-method> <!-- createPotentialLead -->
        <test-method is-config="true" signature="logOut()[pri:0, instance:com.zohoCRM.testscripts.PotentialLead@1d8062d2]" started-at="2022-10-15T21:05:43 IST" name="logOut" finished-at="2022-10-15T21:05:48 IST" duration-ms="5714" status="PASS">
          <reporter-output>
          </reporter-output>
        </test-method> <!-- logOut -->
        <test-method is-config="true" signature="closeBrowser()[pri:0, instance:com.zohoCRM.testscripts.PotentialLead@1d8062d2]" started-at="2022-10-15T21:06:51 IST" name="closeBrowser" finished-at="2022-10-15T21:06:52 IST" duration-ms="771" status="PASS">
          <reporter-output>
          </reporter-output>
        </test-method> <!-- closeBrowser -->
      </class> <!-- com.zohoCRM.testscripts.PotentialLead -->
      <class name="com.zohoCRM.testscripts.ProductModule">
        <test-method is-config="true" signature="signIn()[pri:0, instance:com.zohoCRM.testscripts.ProductModule@2ece4966]" started-at="2022-10-15T21:06:41 IST" name="signIn" finished-at="2022-10-15T21:06:43 IST" duration-ms="1688" status="PASS">
          <reporter-output>
          </reporter-output>
        </test-method> <!-- signIn -->
        <test-method signature="createProduct()[pri:0, instance:com.zohoCRM.testscripts.ProductModule@2ece4966]" started-at="2022-10-15T21:06:43 IST" name="createProduct" finished-at="2022-10-15T21:06:43 IST" duration-ms="4" status="PASS">
          <reporter-output>
          </reporter-output>
        </test-method> <!-- createProduct -->
        <test-method is-config="true" signature="logOut()[pri:0, instance:com.zohoCRM.testscripts.ProductModule@2ece4966]" started-at="2022-10-15T21:06:43 IST" name="logOut" finished-at="2022-10-15T21:06:43 IST" duration-ms="347" status="PASS">
          <reporter-output>
          </reporter-output>
        </test-method> <!-- logOut -->
        <test-method is-config="true" signature="signIn()[pri:0, instance:com.zohoCRM.testscripts.ProductModule@2ece4966]" started-at="2022-10-15T21:06:43 IST" name="signIn" finished-at="2022-10-15T21:06:44 IST" duration-ms="804" status="PASS">
          <reporter-output>
          </reporter-output>
        </test-method> <!-- signIn -->
        <test-method signature="editProduct()[pri:0, instance:com.zohoCRM.testscripts.ProductModule@2ece4966]" started-at="2022-10-15T21:06:44 IST" name="editProduct" finished-at="2022-10-15T21:06:44 IST" duration-ms="2" status="PASS">
          <reporter-output>
          </reporter-output>
        </test-method> <!-- editProduct -->
        <test-method is-config="true" signature="logOut()[pri:0, instance:com.zohoCRM.testscripts.ProductModule@2ece4966]" started-at="2022-10-15T21:06:44 IST" name="logOut" finished-at="2022-10-15T21:06:44 IST" duration-ms="196" status="PASS">
          <reporter-output>
          </reporter-output>
        </test-method> <!-- logOut -->
      </class> <!-- com.zohoCRM.testscripts.ProductModule -->
      <class name="com.zohoCRM.testscripts.CampaignModule">
        <test-method is-config="true" signature="signIn()[pri:0, instance:com.zohoCRM.testscripts.CampaignModule@1dd0e7c4]" started-at="2022-10-15T21:06:44 IST" name="signIn" finished-at="2022-10-15T21:06:46 IST" duration-ms="1528" status="PASS">
          <reporter-output>
          </reporter-output>
        </test-method> <!-- signIn -->
        <test-method signature="createCampaign()[pri:1, instance:com.zohoCRM.testscripts.CampaignModule@1dd0e7c4]" started-at="2022-10-15T21:06:46 IST" name="createCampaign" finished-at="2022-10-15T21:06:50 IST" duration-ms="4507" status="PASS">
          <reporter-output>
          </reporter-output>
        </test-method> <!-- createCampaign -->
        <test-method is-config="true" signature="logOut()[pri:0, instance:com.zohoCRM.testscripts.CampaignModule@1dd0e7c4]" started-at="2022-10-15T21:06:50 IST" name="logOut" finished-at="2022-10-15T21:06:51 IST" duration-ms="243" status="PASS">
          <reporter-output>
          </reporter-output>
        </test-method> <!-- logOut -->
        <test-method is-config="true" signature="signIn()[pri:0, instance:com.zohoCRM.testscripts.CampaignModule@1dd0e7c4]" started-at="2022-10-15T21:06:51 IST" name="signIn" finished-at="2022-10-15T21:06:51 IST" duration-ms="693" status="PASS">
          <reporter-output>
          </reporter-output>
        </test-method> <!-- signIn -->
        <test-method signature="ModifyCampaign()[pri:2, instance:com.zohoCRM.testscripts.CampaignModule@1dd0e7c4]" started-at="2022-10-15T21:06:51 IST" name="ModifyCampaign" finished-at="2022-10-15T21:06:51 IST" duration-ms="2" status="PASS">
          <reporter-output>
          </reporter-output>
        </test-method> <!-- ModifyCampaign -->
        <test-method is-config="true" signature="logOut()[pri:0, instance:com.zohoCRM.testscripts.CampaignModule@1dd0e7c4]" started-at="2022-10-15T21:06:51 IST" name="logOut" finished-at="2022-10-15T21:06:51 IST" duration-ms="221" status="PASS">
          <reporter-output>
          </reporter-output>
        </test-method> <!-- logOut -->
      </class> <!-- com.zohoCRM.testscripts.CampaignModule -->
    </test> <!-- Test -->
  </suite> <!-- Suite -->
</testng-results>
